<?xml version="1.0" encoding="UTF-8"?>
<!-- Generated by org.testng.reporters.JUnitXMLReporter -->
<testsuite ignored="0" hostname="DESKTOP-C1A7H9V" failures="0" tests="3" name="Test store ecommerce" time="144.516" errors="0" timestamp="2024-03-22T03:11:22 COT">
  <testcase classname="testsPageObject.store_Product" name="testPaginaPrincipal" time="14.221"/>
  <testcase classname="testsPageObject.store_Product" name="testPaginaPrincipal" time="23.074"/>
  <testcase classname="testsPageObject.store_Product" name="testPaginaPrincipal" time="91.813"/>
</testsuite> <!-- Test store ecommerce -->
