<?xml version="1.0" encoding="UTF-8"?>
<!-- Generated by org.testng.reporters.JUnitXMLReporter -->
<testsuite ignored="0" hostname="DESKTOP-C1A7H9V" failures="0" tests="3" name="Test store ecommerce" time="161.995" errors="0" timestamp="2024-03-26T23:21:27 COT">
  <testcase classname="testsPageObject.store_Product" name="testPaginaPrincipal" time="16.006"/>
  <testcase classname="testsPageObject.store_Product" name="testPaginaPrincipal" time="23.994"/>
  <testcase classname="testsPageObject.store_Product" name="testPaginaPrincipal" time="91.257"/>
</testsuite> <!-- Test store ecommerce -->
