<?xml version="1.0" encoding="UTF-8"?>
<testng-results ignored="0" total="2" passed="2" failed="0" skipped="0">
  <reporter-output>
  </reporter-output>
  <suite started-at="2024-03-27T00:52:57 COT" name="Suite" finished-at="2024-03-27T00:53:46 COT" duration-ms="48492">
    <groups>
    </groups>
    <test started-at="2024-03-27T00:52:57 COT" name="Test page main" finished-at="2024-03-27T00:53:46 COT" duration-ms="48492">
      <class name="testsPageObject.fillForm">
        <test-method is-config="true" signature="Configuracion_Appium()[pri:0, instance:testsPageObject.fillForm@6d025197]" started-at="2024-03-27T00:52:57 COT" name="Configuracion_Appium" finished-at="2024-03-27T00:53:20 COT" duration-ms="22698" status="PASS">
          <reporter-output>
          </reporter-output>
        </test-method> <!-- Configuracion_Appium -->
        <test-method is-config="true" signature="preSetup()[pri:0, instance:testsPageObject.fillForm@6d025197]" started-at="2024-03-27T00:53:20 COT" name="preSetup" finished-at="2024-03-27T00:53:21 COT" duration-ms="1217" status="PASS">
          <reporter-output>
          </reporter-output>
        </test-method> <!-- preSetup -->
        <test-method signature="FillForm_ErrorValidation()[pri:0, instance:testsPageObject.fillForm@6d025197]" started-at="2024-03-27T00:53:21 COT" name="FillForm_ErrorValidation" finished-at="2024-03-27T00:53:28 COT" duration-ms="6616" status="PASS">
          <reporter-output>
          </reporter-output>
        </test-method> <!-- FillForm_ErrorValidation -->
        <test-method is-config="true" signature="preSetup()[pri:0, instance:testsPageObject.fillForm@6d025197]" started-at="2024-03-27T00:53:28 COT" name="preSetup" finished-at="2024-03-27T00:53:29 COT" duration-ms="1116" status="PASS">
          <reporter-output>
          </reporter-output>
        </test-method> <!-- preSetup -->
        <test-method signature="FillForm_PositiveFlow()[pri:0, instance:testsPageObject.fillForm@6d025197]" started-at="2024-03-27T00:53:29 COT" name="FillForm_PositiveFlow" finished-at="2024-03-27T00:53:45 COT" duration-ms="16342" status="PASS">
          <reporter-output>
          </reporter-output>
        </test-method> <!-- FillForm_PositiveFlow -->
        <test-method is-config="true" signature="teardown()[pri:0, instance:testsPageObject.fillForm@6d025197]" started-at="2024-03-27T00:53:45 COT" name="teardown" finished-at="2024-03-27T00:53:46 COT" duration-ms="414" status="PASS">
          <reporter-output>
          </reporter-output>
        </test-method> <!-- teardown -->
      </class> <!-- testsPageObject.fillForm -->
    </test> <!-- Test page main -->
  </suite> <!-- Suite -->
</testng-results>
