<?xml version="1.0" encoding="UTF-8"?>
<testng-results ignored="0" total="2" passed="2" failed="0" skipped="0">
  <reporter-output>
  </reporter-output>
  <suite started-at="2024-03-27T01:30:10 COT" name="Suite" finished-at="2024-03-27T01:31:02 COT" duration-ms="51839">
    <groups>
    </groups>
    <test started-at="2024-03-27T01:30:10 COT" name="Test page main" finished-at="2024-03-27T01:31:02 COT" duration-ms="51839">
      <class name="testsPageObject.fillForm">
        <test-method is-config="true" signature="Configuracion_Appium()[pri:0, instance:testsPageObject.fillForm@1b835480]" started-at="2024-03-27T01:30:10 COT" name="Configuracion_Appium" finished-at="2024-03-27T01:30:37 COT" duration-ms="26658" status="PASS">
          <reporter-output>
          </reporter-output>
        </test-method> <!-- Configuracion_Appium -->
        <test-method is-config="true" signature="preSetup()[pri:0, instance:testsPageObject.fillForm@1b835480]" started-at="2024-03-27T01:30:37 COT" name="preSetup" finished-at="2024-03-27T01:30:38 COT" duration-ms="1179" status="PASS">
          <reporter-output>
          </reporter-output>
        </test-method> <!-- preSetup -->
        <test-method signature="FillForm_ErrorValidation()[pri:0, instance:testsPageObject.fillForm@1b835480]" started-at="2024-03-27T01:30:38 COT" name="FillForm_ErrorValidation" finished-at="2024-03-27T01:30:45 COT" duration-ms="6262" status="PASS">
          <reporter-output>
          </reporter-output>
        </test-method> <!-- FillForm_ErrorValidation -->
        <test-method is-config="true" signature="preSetup()[pri:0, instance:testsPageObject.fillForm@1b835480]" started-at="2024-03-27T01:30:45 COT" name="preSetup" finished-at="2024-03-27T01:30:46 COT" duration-ms="1107" status="PASS">
          <reporter-output>
          </reporter-output>
        </test-method> <!-- preSetup -->
        <test-method signature="FillForm_PositiveFlow()[pri:0, instance:testsPageObject.fillForm@1b835480]" started-at="2024-03-27T01:30:46 COT" name="FillForm_PositiveFlow" finished-at="2024-03-27T01:31:02 COT" duration-ms="15992" status="PASS">
          <reporter-output>
          </reporter-output>
        </test-method> <!-- FillForm_PositiveFlow -->
        <test-method is-config="true" signature="teardown()[pri:0, instance:testsPageObject.fillForm@1b835480]" started-at="2024-03-27T01:31:02 COT" name="teardown" finished-at="2024-03-27T01:31:02 COT" duration-ms="538" status="PASS">
          <reporter-output>
          </reporter-output>
        </test-method> <!-- teardown -->
      </class> <!-- testsPageObject.fillForm -->
    </test> <!-- Test page main -->
  </suite> <!-- Suite -->
</testng-results>
